Arguments: 
  C:\Program Files\nodejs\node.exe C:\Program Files (x86)\Yarn\bin\yarn.js init esm

PATH: 
  C:\tools\Cmder\vendor\conemu-maximus5\ConEmu\Scripts;C:\tools\Cmder\vendor\conemu-maximus5;C:\tools\Cmder\vendor\conemu-maximus5\ConEmu;C:\Python39\Scripts\;C:\Python39\;C:\Program Files (x86)\Common Files\Oracle\Java\javapath;C:\Windows\system32;C:\Windows;C:\Windows\System32\Wbem;C:\Windows\System32\WindowsPowerShell\v1.0\;C:\Windows\System32\OpenSSH\;C:\Program Files\Git\cmd;C:\ProgramData\chocolatey\bin;C:\Program Files (x86)\NVIDIA Corporation\PhysX\Common;C:\Users\papal\AppData\Local\Microsoft\WindowsApps;C:\Program Files\Java\jdk-15.0.2\bin;C:\Program Files\JetBrains\PhpStorm 2020.3.2\bin;C:\Users\papal\AppData\Local\Programs\Microsoft VS Code\bin;C:\tools\dart-sdk\bin;C:\tools\flutter\bin;C:\tools\flutter\.pub-cache\bin;C:\Users\papal\AppData\Local\Pub\Cache\bin;C:\Users\papal\AppData\Local\Android\Sdk\platform-tools;C:\php;C:\tools\php80;C:\ProgramData\ComposerSetup\bin;C:\Program Files\NVIDIA Corporation\NVIDIA NvDLISR;C:\Program Files (x86)\Yarn\bin\;C:\Program Files\Amazon\AWSCLIV2\;C:\ProgramData\nvm;C:\Program Files\nodejs;C:\WINDOWS\system32;C:\WINDOWS;C:\WINDOWS\System32\Wbem;C:\WINDOWS\System32\WindowsPowerShell\v1.0\;C:\WINDOWS\System32\OpenSSH\;C:\Program Files\Docker\Docker\resources\bin;C:\ProgramData\DockerDesktop\version-bin;C:\Program Files (x86)\PowerShell\7\;C:\Users\papal\AppData\Local\Microsoft\WindowsApps;C:\Program Files\Java\jdk-15.0.2\bin;C:\Program Files\JetBrains\PhpStorm 2020.3.2\bin;C:\Users\papal\AppData\Local\Programs\Microsoft VS Code\bin;C:\tools\dart-sdk\bin;C:\tools\flutter\bin;C:\tools\flutter\.pub-cache\bin;C:\Users\papal\AppData\Local\Pub\Cache\bin;C:\Users\papal\AppData\Local\Android\Sdk\platform-tools;C:\Users\papal\AppData\Roaming\Composer\vendor\bin;C:\Program Files\OpenSSL-Win64\bin;C:\Users\papal\AppData\Local\Yarn\bin;C:\tools\Cmder;C:\Users\papal\AppData\Roaming\Pub\Cache\bin;C:\Program Files\Git\mingw64\bin;C:\Program Files\Git\usr\bin;C:\tools\Cmder\vendor\bin

Yarn version: 
  1.22.5

Node version: 
  15.0.0

Platform: 
  win32 x64

Trace: 
  Error: canceled
      at Interface.<anonymous> (C:\Program Files (x86)\Yarn\lib\cli.js:137009:13)
      at Interface.emit (node:events:327:20)
      at Interface._ttyWrite (node:readline:875:16)
      at ReadStream.onkeypress (node:readline:213:10)
      at ReadStream.emit (node:events:327:20)
      at emitKeys (node:internal/readline/utils:345:14)
      at emitKeys.next (<anonymous>)
      at ReadStream.onData (node:readline:1144:36)
      at ReadStream.emit (node:events:327:20)
      at addChunk (node:internal/streams/readable:304:12)

npm manifest: 
  {
    "name": "nft-avatar",
    "version": "1.0.0",
    "description": "",
    "main": "index.js",
    "scripts": {
      "test": "echo \"Error: no test specified\" && exit 1"
    },
    "author": "",
    "license": "ISC",
    "type": "module",
    "dependencies": {
      "pure-color": "^1.3.0"
    }
  }

yarn manifest: 
  No manifest

Lockfile: 
  # THIS IS AN AUTOGENERATED FILE. DO NOT EDIT THIS FILE DIRECTLY.
  # yarn lockfile v1
  
  
  pure-color@^1.3.0:
    version "1.3.0"
    resolved "https://registry.yarnpkg.com/pure-color/-/pure-color-1.3.0.tgz#1fe064fb0ac851f0de61320a8bf796836422f33e"
    integrity sha1-H+Bk+wrIUfDeYTIKi/eWg2Qi8z4=
